2023-07-06 12:07:796 INFO  HomePage :30 - Accept cookies[[ChromeDriver: chrome on WINDOWS (332924d5db17dec3b53879bdc2171e67)] -> xpath: //button[@class='consent-give']]
2023-07-06 12:07:815 INFO  HomePage :30 - Accept cookies[[ChromeDriver: chrome on WINDOWS (06219f9e6ddb41ff98a5f445bbdb805e)] -> xpath: //button[@class='consent-give']]
2023-07-06 12:07:805 INFO  HomePage :30 - Accept cookies[[ChromeDriver: chrome on WINDOWS (14043f68f518e45c30a10e40c28e7e9b)] -> xpath: //button[@class='consent-give']]
2023-07-06 12:07:119 INFO  HomePage :30 - Accept cookies[[ChromeDriver: chrome on WINDOWS (11854bc0a44b67ac0ee8b57212e218ad)] -> xpath: //button[@class='consent-give']]
2023-07-06 12:07:259 INFO  HomePage :30 - Accept cookies[[ChromeDriver: chrome on WINDOWS (9bc948d8e3920df51b5dc3a486742c96)] -> xpath: //button[@class='consent-give']]
2023-07-06 12:07:884 INFO  HomePage :34 - Accept cookies[[ChromeDriver: chrome on WINDOWS (7fcc619ee760725049a466d75649e6e1)] -> xpath: //button[@class='consent-give']]
2023-07-06 12:07:190 INFO  HomePage :34 - Accept cookies[[ChromeDriver: chrome on WINDOWS (def48495a1816cea9238728247d5052a)] -> xpath: //button[@class='consent-give']]
2023-07-06 12:07:291 INFO  HomePage :48 - Click on Login[[ChromeDriver: chrome on WINDOWS (def48495a1816cea9238728247d5052a)] -> xpath: //div[@class='spb-general-btn spb-general-btn__my-account-buttons--border-radius spb-general-btn--type2 spb-navbar-buttons__button spb-navbar-buttons__button--wide spb-navbar-buttons__button--login spb-navbar-buttons__button--unauth spb-navbar-buttons__button--no-registration']]
2023-07-06 12:07:234 INFO  HomePage :37 - Enter Maitri in [[ChromeDriver: chrome on WINDOWS (def48495a1816cea9238728247d5052a)] -> xpath: //input[@placeholder='Username']]
2023-07-06 12:07:360 INFO  HomePage :41 - Enter Maitri@123 in [[ChromeDriver: chrome on WINDOWS (def48495a1816cea9238728247d5052a)] -> xpath: //input[@placeholder='Password']]
2023-07-06 12:07:340 INFO  HomePage :45 - Click on [[ChromeDriver: chrome on WINDOWS (def48495a1816cea9238728247d5052a)] -> xpath: //button[@type='submit']]
2023-07-06 12:07:153 INFO  HomePage :34 - Accept cookies[[ChromeDriver: chrome on WINDOWS (f878395f27c6ef8057fa549b3135cb86)] -> xpath: //button[@class='consent-give']]
2023-07-06 12:07:581 INFO  HomePage :34 - Accept cookies[[ChromeDriver: chrome on WINDOWS (9b3c3b777cc1b3d75c5c9975b99247e3)] -> xpath: //button[@class='consent-give']]
2023-07-06 12:07:720 INFO  HomePage :48 - Click on Login[[ChromeDriver: chrome on WINDOWS (9b3c3b777cc1b3d75c5c9975b99247e3)] -> xpath: //div[@class='spb-general-btn spb-general-btn__my-account-buttons--border-radius spb-general-btn--type2 spb-navbar-buttons__button spb-navbar-buttons__button--wide spb-navbar-buttons__button--login spb-navbar-buttons__button--unauth spb-navbar-buttons__button--no-registration']]
2023-07-06 12:07:91 INFO  HomePage :37 - Enter Maitri in [[ChromeDriver: chrome on WINDOWS (9b3c3b777cc1b3d75c5c9975b99247e3)] -> xpath: //input[@placeholder='Username']]
2023-07-06 12:07:473 INFO  HomePage :41 - Enter Maitri@123 in [[ChromeDriver: chrome on WINDOWS (9b3c3b777cc1b3d75c5c9975b99247e3)] -> xpath: //input[@placeholder='Password']]
2023-07-06 12:07:323 INFO  HomePage :45 - Click on [[ChromeDriver: chrome on WINDOWS (9b3c3b777cc1b3d75c5c9975b99247e3)] -> xpath: //button[@type='submit']]
2023-07-06 12:07:684 INFO  HomePage :34 - Accept cookies[[ChromeDriver: chrome on WINDOWS (4232db231dd414e1643a58cb86980bc2)] -> xpath: //button[@class='consent-give']]
2023-07-06 13:07:561 INFO  HomePage :34 - Accept cookies[[ChromeDriver: chrome on WINDOWS (f54ae82c2535bc7e0e6f80c88a57e728)] -> xpath: //button[@class='consent-give']]
2023-07-06 13:07:76 INFO  HomePage :34 - Accept cookies[[ChromeDriver: chrome on WINDOWS (f015af078bbe7dfbb0965287d7db784f)] -> xpath: //button[@class='consent-give']]
2023-07-06 13:07:180 INFO  HomePage :48 - Click on Login[[ChromeDriver: chrome on WINDOWS (f015af078bbe7dfbb0965287d7db784f)] -> xpath: //div[@class='spb-general-btn spb-general-btn__my-account-buttons--border-radius spb-general-btn--type2 spb-navbar-buttons__button spb-navbar-buttons__button--wide spb-navbar-buttons__button--login spb-navbar-buttons__button--unauth spb-navbar-buttons__button--no-registration']]
2023-07-06 13:07:503 INFO  HomePage :37 - Enter Maitri in [[ChromeDriver: chrome on WINDOWS (f015af078bbe7dfbb0965287d7db784f)] -> xpath: //input[@placeholder='Username']]
2023-07-06 13:07:630 INFO  HomePage :41 - Enter Maitri@123 in [[ChromeDriver: chrome on WINDOWS (f015af078bbe7dfbb0965287d7db784f)] -> xpath: //input[@placeholder='Password']]
2023-07-06 13:07:980 INFO  HomePage :45 - Click on [[ChromeDriver: chrome on WINDOWS (f015af078bbe7dfbb0965287d7db784f)] -> xpath: //button[@type='submit']]
2023-07-06 13:07:358 INFO  HomePage :34 - Accept cookies[[ChromeDriver: chrome on WINDOWS (279ab95e129b671dd2b636b39fac869c)] -> xpath: //button[@class='consent-give']]
2023-07-07 08:07:484 INFO  HomePage :34 - Accept cookies[[ChromeDriver: chrome on WINDOWS (0c6f48f7111714b1a5e2f13a23bdb71b)] -> xpath: //button[@class='consent-give']]
2023-07-07 08:07:627 INFO  HomePage :48 - Click on Login[[ChromeDriver: chrome on WINDOWS (0c6f48f7111714b1a5e2f13a23bdb71b)] -> xpath: //div[@class='spb-general-btn spb-general-btn__my-account-buttons--border-radius spb-general-btn--type2 spb-navbar-buttons__button spb-navbar-buttons__button--wide spb-navbar-buttons__button--login spb-navbar-buttons__button--unauth spb-navbar-buttons__button--no-registration']]
2023-07-07 08:07:914 INFO  HomePage :37 - Enter Maitri in [[ChromeDriver: chrome on WINDOWS (0c6f48f7111714b1a5e2f13a23bdb71b)] -> xpath: //input[@placeholder='Username']]
2023-07-07 08:07:247 INFO  HomePage :41 - Enter Maitri@123 in [[ChromeDriver: chrome on WINDOWS (0c6f48f7111714b1a5e2f13a23bdb71b)] -> xpath: //input[@placeholder='Password']]
2023-07-07 08:07:854 INFO  HomePage :45 - Click on [[ChromeDriver: chrome on WINDOWS (0c6f48f7111714b1a5e2f13a23bdb71b)] -> xpath: //button[@type='submit']]
2023-07-07 08:07:673 INFO  HomePage :34 - Accept cookies[[ChromeDriver: chrome on WINDOWS (216c7a50b8d33fea4949405123147673)] -> xpath: //button[@class='consent-give']]
2023-07-07 08:07:222 INFO  HomePage :34 - Accept cookies[[ChromeDriver: chrome on WINDOWS (e4a7052c1aeb348b3e773997ff4f50c2)] -> xpath: //button[@class='consent-give']]
2023-07-07 08:07:471 INFO  HomePage :48 - Click on Login[[ChromeDriver: chrome on WINDOWS (e4a7052c1aeb348b3e773997ff4f50c2)] -> xpath: //div[@class='spb-general-btn spb-general-btn__my-account-buttons--border-radius spb-general-btn--type2 spb-navbar-buttons__button spb-navbar-buttons__button--wide spb-navbar-buttons__button--login spb-navbar-buttons__button--unauth spb-navbar-buttons__button--no-registration']]
2023-07-07 08:07:302 INFO  HomePage :37 - Enter Maitri in [[ChromeDriver: chrome on WINDOWS (e4a7052c1aeb348b3e773997ff4f50c2)] -> xpath: //input[@placeholder='Username']]
2023-07-07 08:07:792 INFO  HomePage :41 - Enter Maitri@123 in [[ChromeDriver: chrome on WINDOWS (e4a7052c1aeb348b3e773997ff4f50c2)] -> xpath: //input[@placeholder='Password']]
2023-07-07 08:07:875 INFO  HomePage :45 - Click on [[ChromeDriver: chrome on WINDOWS (e4a7052c1aeb348b3e773997ff4f50c2)] -> xpath: //button[@type='submit']]
2023-07-07 08:07:724 INFO  HomePage :34 - Accept cookies[[ChromeDriver: chrome on WINDOWS (ca060efa52bbbc4cd736503e7560b66e)] -> xpath: //button[@class='consent-give']]
2023-07-07 09:07:424 INFO  HomePage :34 - Accept cookies[[ChromeDriver: chrome on WINDOWS (1964ec22df1e3e0c4c3b7081f20fec1c)] -> xpath: //button[@class='consent-give']]
